[2026-07-02 10:00:30] warn: ⚠️ Could not connect to Redis. Caching will be disabled.
[2026-07-02 10:00:32] info: 🚀 Server running in development mode on port 5000
[2026-07-02 10:02:12] info: 🔌 Socket connected: GyQh0VRx4Ni6sxvQAAAE
[2026-07-02 10:02:12] info: 🔌 Socket connected: OEYu0tCLhD0bv5_NAAAF
[2026-07-02 10:02:15] info: 🔌 Socket connected: cREkCcm-BDEIcMioAAAI
[2026-07-02 10:14:49] info: 🔌 Socket disconnected: OEYu0tCLhD0bv5_NAAAF
[2026-07-02 10:14:49] info: 🔌 Socket disconnected: GyQh0VRx4Ni6sxvQAAAE
[2026-07-02 10:16:51] info: 🔌 Socket disconnected: cREkCcm-BDEIcMioAAAI
[2026-07-02 10:16:52] info: 🔌 Socket connected: x0hNfn6GTlRyBr_oAAAL
[2026-07-02 10:20:54] info: 🔌 Socket disconnected: x0hNfn6GTlRyBr_oAAAL
[2026-07-02 10:20:55] info: 🔌 Socket connected: DWg9JlgfwbmtP1yPAAAO
[2026-07-02 10:23:20] info: 🔌 Socket disconnected: DWg9JlgfwbmtP1yPAAAO
[2026-07-02 10:23:20] info: 🔌 Socket connected: gwSAhsLKSkF9gmKuAAAR
[2026-07-02 10:23:48] info: 🔌 Socket disconnected: gwSAhsLKSkF9gmKuAAAR
[2026-07-02 10:23:48] info: 🔌 Socket connected: rpbCn23SkinuwufzAAAU
[2026-07-02 10:23:55] info: 🔌 Socket disconnected: rpbCn23SkinuwufzAAAU
[2026-07-02 10:23:55] info: 🔌 Socket connected: cH7URZeFnB8qeWuxAAAX
[2026-07-02 10:27:15] info: 🔌 Socket disconnected: cH7URZeFnB8qeWuxAAAX
[2026-07-02 10:38:02] info: ::1 - - [02/Jul/2026:05:38:02 +0000] "GET /api/projects HTTP/1.1" 200 3493 "-" "Mozilla/5.0 (Windows NT 10.0; Win64; x64) AppleWebKit/537.36 (KHTML, like Gecko) Chrome/149.0.0.0 Safari/537.36"
[2026-07-02 10:54:54] info: ::1 - - [02/Jul/2026:05:54:54 +0000] "GET /api/blogs HTTP/1.1" 200 983 "-" "Mozilla/5.0 (Windows NT 10.0; Win64; x64) AppleWebKit/537.36 (KHTML, like Gecko) Chrome/149.0.0.0 Safari/537.36"
[2026-07-02 10:54:56] info: 🔌 Socket connected: jgscbejeEiBwkX-FAAKt
[2026-07-02 10:54:57] info: 🔌 Socket disconnected: jgscbejeEiBwkX-FAAKt
[2026-07-02 10:54:59] info: 🔌 Socket connected: I4HTsCtgm9jOKXMpAAK0
[2026-07-02 10:54:59] info: 🔌 Socket connected: OMreiGzRz7VWKhRlAAK1
[2026-07-02 11:09:33] info: 🔌 Socket disconnected: OMreiGzRz7VWKhRlAAK1
[2026-07-02 11:09:33] info: 🔌 Socket disconnected: I4HTsCtgm9jOKXMpAAK0
[2026-07-02 11:22:51] warn: ⚠️ Could not connect to Redis. Caching will be disabled.
[2026-07-02 11:22:52] info: 🚀 Server running in development mode on port 5000
[2026-07-02 11:23:06] warn: ⚠️ Could not connect to Redis. Caching will be disabled.
[2026-07-02 11:23:08] info: 🚀 Server running in development mode on port 5000
[2026-07-02 11:23:16] warn: TELEGRAM_BOT_TOKEN is not defined. Telegram bot is disabled.
[2026-07-02 11:23:17] warn: ⚠️ Could not connect to Redis. Caching will be disabled.
[2026-07-02 11:23:19] info: 🚀 Server running in development mode on port 5000
[2026-07-02 11:48:41] info: 🤖 Telegram bot launched
[2026-07-02 11:48:41] warn: ⚠️ Could not connect to Redis. Caching will be disabled.
[2026-07-02 11:48:43] info: 🚀 Server running in development mode on port 5000
[2026-07-02 11:48:46] info: 🤖 Telegram bot launched
[2026-07-02 11:48:47] warn: ⚠️ Could not connect to Redis. Caching will be disabled.
[2026-07-02 11:48:48] info: 🚀 Server running in development mode on port 5000
[2026-07-02 13:42:40] warn: ⚠️ Could not connect to Redis. Caching will be disabled.
[2026-07-02 13:42:42] info: 🚀 Server running in development mode on port 5000
[2026-07-02 13:43:09] warn: ⚠️ Could not connect to Redis. Caching will be disabled.
[2026-07-02 13:43:10] info: 🚀 Server running in development mode on port 5000
