[2026-07-08 17:37:12] warn: ⚠️ Could not connect to Redis. Caching will be disabled.
[2026-07-08 17:37:14] info: 🚀 Server running in production mode on port 5000
[2026-07-08 17:37:20] info: 🔌 Socket connected: CtNIIErF50wGTx-xAAAE
[2026-07-08 17:37:20] info: 🔌 Socket connected: PYMW1wGKEcC82bLMAAAF
[2026-07-08 17:37:20] info: ::1 - - [08/Jul/2026:12:37:20 +0000] "GET /api/projects HTTP/1.1" 200 2844 "http://localhost:5173/" "Mozilla/5.0 (Windows NT 10.0; Win64; x64) AppleWebKit/537.36 (KHTML, like Gecko) Chrome/149.0.0.0 Safari/537.36"
[2026-07-08 17:58:12] info: 🔌 Socket disconnected: CtNIIErF50wGTx-xAAAE
[2026-07-08 17:58:12] info: 🔌 Socket disconnected: PYMW1wGKEcC82bLMAAAF
[2026-07-08 18:11:55] info: 🔌 Socket connected: fG3q8cjCCX9XvWqHAAAK
[2026-07-08 18:11:55] info: 🔌 Socket connected: HGzyCbD397NqKrN4AAAL
[2026-07-08 18:12:01] info: 🔌 Socket disconnected: fG3q8cjCCX9XvWqHAAAK
[2026-07-08 18:12:01] info: 🔌 Socket disconnected: HGzyCbD397NqKrN4AAAL
[2026-07-08 18:12:01] info: 🔌 Socket connected: tbYg-QntliwhVctsAAAQ
[2026-07-08 18:12:01] info: 🔌 Socket connected: -GhsaFiPTxKoFvPqAAAR
[2026-07-08 18:12:04] info: ::1 - - [08/Jul/2026:13:12:04 +0000] "GET /api/projects HTTP/1.1" 304 - "http://localhost:5173/" "Mozilla/5.0 (Windows NT 10.0; Win64; x64) AppleWebKit/537.36 (KHTML, like Gecko) Chrome/149.0.0.0 Safari/537.36"
[2026-07-08 18:25:09] info: 🔌 Socket disconnected: tbYg-QntliwhVctsAAAQ
[2026-07-08 18:25:09] info: 🔌 Socket disconnected: -GhsaFiPTxKoFvPqAAAR
[2026-07-08 18:28:44] warn: ⚠️ Could not connect to Redis. Caching will be disabled.
[2026-07-08 18:28:45] info: 🚀 Server running in production mode on port 5000
[2026-07-08 18:29:09] warn: ⚠️ Could not connect to Redis. Caching will be disabled.
[2026-07-08 18:29:10] info: 🚀 Server running in production mode on port 5000
[2026-07-08 18:35:33] info: 🔌 Socket connected: o5-yWR-ym9na3Ps0AAAE
[2026-07-08 18:35:33] info: 🔌 Socket connected: KaRGmcJaD9N9s_DFAAAF
[2026-07-08 18:35:52] info: 🔌 Socket connected: uR_Axgszuxkns3tLAAAK
[2026-07-08 18:35:52] info: 🔌 Socket connected: n2cJoBQi7IG8X1jTAAAL
[2026-07-08 18:35:54] info: ::1 - - [08/Jul/2026:13:35:54 +0000] "GET /api/blogs HTTP/1.1" 200 883 "http://localhost:5173/" "Mozilla/5.0 (Windows NT 10.0; Win64; x64) AppleWebKit/537.36 (KHTML, like Gecko) Chrome/149.0.0.0 Safari/537.36"
[2026-07-08 18:36:02] info: 🔌 Socket connected: NXYoIaXE9sBMOV26AAAQ
[2026-07-08 18:36:02] info: 🔌 Socket connected: it_mT5mgWVFUqfd5AAAR
[2026-07-08 18:36:03] info: ::1 - - [08/Jul/2026:13:36:03 +0000] "GET /api/projects HTTP/1.1" 304 - "http://localhost:5173/" "Mozilla/5.0 (Windows NT 10.0; Win64; x64) AppleWebKit/537.36 (KHTML, like Gecko) Chrome/149.0.0.0 Safari/537.36"
[2026-07-08 18:36:05] info: 🔌 Socket disconnected: uR_Axgszuxkns3tLAAAK
[2026-07-08 18:36:05] info: 🔌 Socket disconnected: n2cJoBQi7IG8X1jTAAAL
[2026-07-08 18:36:05] info: 🔌 Socket disconnected: o5-yWR-ym9na3Ps0AAAE
[2026-07-08 18:36:05] info: 🔌 Socket disconnected: KaRGmcJaD9N9s_DFAAAF
[2026-07-08 18:36:06] info: 🔌 Socket connected: MBDtC8agyKXOipNmAAAW
[2026-07-08 18:36:06] info: 🔌 Socket connected: ZxLFn2pOPRTM7TVnAAAX
[2026-07-08 18:36:06] info: ::1 - - [08/Jul/2026:13:36:06 +0000] "GET /api/projects HTTP/1.1" 304 - "http://localhost:5173/" "Mozilla/5.0 (Windows NT 10.0; Win64; x64) AppleWebKit/537.36 (KHTML, like Gecko) Chrome/149.0.0.0 Safari/537.36"
[2026-07-08 18:36:10] info: 🔌 Socket disconnected: NXYoIaXE9sBMOV26AAAQ
[2026-07-08 18:36:10] info: 🔌 Socket disconnected: it_mT5mgWVFUqfd5AAAR
[2026-07-08 18:36:21] info: 🔌 Socket connected: IfN0x-3P_pYn1O1JAAAc
[2026-07-08 18:36:21] info: 🔌 Socket connected: L7UaE2JDnRgnZnm0AAAd
[2026-07-08 18:36:23] info: ::1 - - [08/Jul/2026:13:36:23 +0000] "GET /api/blogs HTTP/1.1" 304 - "http://localhost:5173/" "Mozilla/5.0 (Windows NT 10.0; Win64; x64) AppleWebKit/537.36 (KHTML, like Gecko) Chrome/149.0.0.0 Safari/537.36"
